0 info it worked if it ends with ok
1 verbose cli [ '/home/adron/.nvm/v0.10.35/bin/node',
1 verbose cli   '/home/adron/.nvm/v0.10.35/bin/npm',
1 verbose cli   'start',
1 verbose cli   'NODE_ENV=production' ]
2 info using npm@1.4.28
3 info using node@v0.10.35
4 error Error: ENOENT, open '/home/adron/GhostLinode/node_modules/NODE_ENV=production/package.json'
5 error If you need help, you may report this *entire* log,
5 error including the npm and node versions, at:
5 error     <http://github.com/npm/npm/issues>
6 error System Linux 4.15.12-x86_64-linode105
7 error command "/home/adron/.nvm/v0.10.35/bin/node" "/home/adron/.nvm/v0.10.35/bin/npm" "start" "NODE_ENV=production"
8 error cwd /home/adron/GhostLinode
9 error node -v v0.10.35
10 error npm -v 1.4.28
11 error path /home/adron/GhostLinode/node_modules/NODE_ENV=production/package.json
12 error code ENOENT
13 error errno 34
14 verbose exit [ 34, true ]
